<?xml version="1.0" encoding="UTF-8"?>
<testng-results skipped="0" failed="0" ignored="0" total="1" passed="1">
  <reporter-output>
  </reporter-output>
  <suite name="Default suite" duration-ms="44765" started-at="2018-11-02T18:18:41Z" finished-at="2018-11-02T18:19:26Z">
    <groups>
    </groups>
    <test name="Default test" duration-ms="44765" started-at="2018-11-02T18:18:41Z" finished-at="2018-11-02T18:19:26Z">
      <class name="com.test.Ant">
        <test-method status="PASS" signature="Test1()[pri:0, instance:com.test.Ant@20e2cbe0]" name="Test1" duration-ms="44714" started-at="2018-11-02T18:18:42Z" finished-at="2018-11-02T18:19:26Z">
          <reporter-output>
          </reporter-output>
        </test-method> <!-- Test1 -->
      </class> <!-- com.test.Ant -->
    </test> <!-- Default test -->
  </suite> <!-- Default suite -->
</testng-results>
