<?xml version="1.0" encoding="UTF-8"?>
<testng-results skipped="0" failed="0" ignored="0" total="1" passed="1">
  <reporter-output>
  </reporter-output>
  <suite name="Default suite" duration-ms="50581" started-at="2018-11-02T19:59:52Z" finished-at="2018-11-02T20:00:43Z">
    <groups>
    </groups>
    <test name="Default test" duration-ms="50581" started-at="2018-11-02T19:59:52Z" finished-at="2018-11-02T20:00:43Z">
      <class name="com.test.Ant">
        <test-method status="PASS" signature="Test1()[pri:0, instance:com.test.Ant@20e2cbe0]" name="Test1" duration-ms="50457" started-at="2018-11-02T19:59:52Z" finished-at="2018-11-02T20:00:43Z">
          <reporter-output>
          </reporter-output>
        </test-method> <!-- Test1 -->
      </class> <!-- com.test.Ant -->
    </test> <!-- Default test -->
  </suite> <!-- Default suite -->
</testng-results>
